f:\stm32_hal_vs_ll_reg\visualgdb\debug\startup_stm32f103xb.o
f:\stm32_hal_vs_ll_reg\visualgdb\debug\stm32f1xx_hal.o
f:\stm32_hal_vs_ll_reg\visualgdb\debug\stm32f1xx_hal_adc.o
f:\stm32_hal_vs_ll_reg\visualgdb\debug\stm32f1xx_hal_adc_ex.o
f:\stm32_hal_vs_ll_reg\visualgdb\debug\stm32f1xx_hal_can.o
f:\stm32_hal_vs_ll_reg\visualgdb\debug\stm32f1xx_hal_cec.o
f:\stm32_hal_vs_ll_reg\visualgdb\debug\stm32f1xx_hal_cortex.o
f:\stm32_hal_vs_ll_reg\visualgdb\debug\stm32f1xx_hal_crc.o
f:\stm32_hal_vs_ll_reg\visualgdb\debug\stm32f1xx_hal_dac.o
f:\stm32_hal_vs_ll_reg\visualgdb\debug\stm32f1xx_hal_dac_ex.o
f:\stm32_hal_vs_ll_reg\visualgdb\debug\stm32f1xx_hal_dma.o
f:\stm32_hal_vs_ll_reg\visualgdb\debug\stm32f1xx_hal_eth.o
f:\stm32_hal_vs_ll_reg\visualgdb\debug\stm32f1xx_hal_exti.o
f:\stm32_hal_vs_ll_reg\visualgdb\debug\stm32f1xx_hal_flash.o
f:\stm32_hal_vs_ll_reg\visualgdb\debug\stm32f1xx_hal_flash_ex.o
f:\stm32_hal_vs_ll_reg\visualgdb\debug\stm32f1xx_hal_gpio.o
f:\stm32_hal_vs_ll_reg\visualgdb\debug\stm32f1xx_hal_gpio_ex.o
f:\stm32_hal_vs_ll_reg\visualgdb\debug\stm32f1xx_hal_hcd.o
f:\stm32_hal_vs_ll_reg\visualgdb\debug\stm32f1xx_hal_i2c.o
f:\stm32_hal_vs_ll_reg\visualgdb\debug\stm32f1xx_hal_i2s.o
f:\stm32_hal_vs_ll_reg\visualgdb\debug\stm32f1xx_hal_irda.o
f:\stm32_hal_vs_ll_reg\visualgdb\debug\stm32f1xx_hal_iwdg.o
f:\stm32_hal_vs_ll_reg\visualgdb\debug\stm32f1xx_hal_mmc.o
f:\stm32_hal_vs_ll_reg\visualgdb\debug\stm32f1xx_hal_nand.o
f:\stm32_hal_vs_ll_reg\visualgdb\debug\stm32f1xx_hal_nor.o
f:\stm32_hal_vs_ll_reg\visualgdb\debug\stm32f1xx_hal_pccard.o
f:\stm32_hal_vs_ll_reg\visualgdb\debug\stm32f1xx_hal_pcd.o
f:\stm32_hal_vs_ll_reg\visualgdb\debug\stm32f1xx_hal_pcd_ex.o
f:\stm32_hal_vs_ll_reg\visualgdb\debug\stm32f1xx_hal_pwr.o
f:\stm32_hal_vs_ll_reg\visualgdb\debug\stm32f1xx_hal_rcc.o
f:\stm32_hal_vs_ll_reg\visualgdb\debug\stm32f1xx_hal_rcc_ex.o
f:\stm32_hal_vs_ll_reg\visualgdb\debug\stm32f1xx_hal_rtc.o
f:\stm32_hal_vs_ll_reg\visualgdb\debug\stm32f1xx_hal_rtc_ex.o
f:\stm32_hal_vs_ll_reg\visualgdb\debug\stm32f1xx_hal_sd.o
f:\stm32_hal_vs_ll_reg\visualgdb\debug\stm32f1xx_hal_smartcard.o
f:\stm32_hal_vs_ll_reg\visualgdb\debug\stm32f1xx_hal_spi.o
f:\stm32_hal_vs_ll_reg\visualgdb\debug\stm32f1xx_hal_sram.o
f:\stm32_hal_vs_ll_reg\visualgdb\debug\stm32f1xx_hal_tim.o
f:\stm32_hal_vs_ll_reg\visualgdb\debug\stm32f1xx_hal_tim_ex.o
f:\stm32_hal_vs_ll_reg\visualgdb\debug\stm32f1xx_hal_uart.o
f:\stm32_hal_vs_ll_reg\visualgdb\debug\stm32f1xx_hal_usart.o
f:\stm32_hal_vs_ll_reg\visualgdb\debug\stm32f1xx_hal_wwdg.o
f:\stm32_hal_vs_ll_reg\visualgdb\debug\stm32f1xx_ll_adc.o
f:\stm32_hal_vs_ll_reg\visualgdb\debug\stm32f1xx_ll_crc.o
f:\stm32_hal_vs_ll_reg\visualgdb\debug\stm32f1xx_ll_dac.o
f:\stm32_hal_vs_ll_reg\visualgdb\debug\stm32f1xx_ll_dma.o
f:\stm32_hal_vs_ll_reg\visualgdb\debug\stm32f1xx_ll_exti.o
f:\stm32_hal_vs_ll_reg\visualgdb\debug\stm32f1xx_ll_fsmc.o
f:\stm32_hal_vs_ll_reg\visualgdb\debug\stm32f1xx_ll_gpio.o
f:\stm32_hal_vs_ll_reg\visualgdb\debug\stm32f1xx_ll_i2c.o
f:\stm32_hal_vs_ll_reg\visualgdb\debug\stm32f1xx_ll_pwr.o
f:\stm32_hal_vs_ll_reg\visualgdb\debug\stm32f1xx_ll_rcc.o
f:\stm32_hal_vs_ll_reg\visualgdb\debug\stm32f1xx_ll_rtc.o
f:\stm32_hal_vs_ll_reg\visualgdb\debug\stm32f1xx_ll_sdmmc.o
f:\stm32_hal_vs_ll_reg\visualgdb\debug\stm32f1xx_ll_spi.o
f:\stm32_hal_vs_ll_reg\visualgdb\debug\stm32f1xx_ll_tim.o
f:\stm32_hal_vs_ll_reg\visualgdb\debug\stm32f1xx_ll_usart.o
f:\stm32_hal_vs_ll_reg\visualgdb\debug\stm32f1xx_ll_usb.o
f:\stm32_hal_vs_ll_reg\visualgdb\debug\stm32f1xx_ll_utils.o
f:\stm32_hal_vs_ll_reg\visualgdb\debug\stm32_hal_vs_ll_reg.o
f:\stm32_hal_vs_ll_reg\visualgdb\debug\system_stm32f1xx.o
f:\stm32_hal_vs_ll_reg\visualgdb\debug\startup_stm32f103xb.dep
f:\stm32_hal_vs_ll_reg\visualgdb\debug\stm32f1xx_hal.dep
f:\stm32_hal_vs_ll_reg\visualgdb\debug\stm32f1xx_hal_adc.dep
f:\stm32_hal_vs_ll_reg\visualgdb\debug\stm32f1xx_hal_adc_ex.dep
f:\stm32_hal_vs_ll_reg\visualgdb\debug\stm32f1xx_hal_can.dep
f:\stm32_hal_vs_ll_reg\visualgdb\debug\stm32f1xx_hal_cec.dep
f:\stm32_hal_vs_ll_reg\visualgdb\debug\stm32f1xx_hal_cortex.dep
f:\stm32_hal_vs_ll_reg\visualgdb\debug\stm32f1xx_hal_crc.dep
f:\stm32_hal_vs_ll_reg\visualgdb\debug\stm32f1xx_hal_dac.dep
f:\stm32_hal_vs_ll_reg\visualgdb\debug\stm32f1xx_hal_dac_ex.dep
f:\stm32_hal_vs_ll_reg\visualgdb\debug\stm32f1xx_hal_dma.dep
f:\stm32_hal_vs_ll_reg\visualgdb\debug\stm32f1xx_hal_eth.dep
f:\stm32_hal_vs_ll_reg\visualgdb\debug\stm32f1xx_hal_exti.dep
f:\stm32_hal_vs_ll_reg\visualgdb\debug\stm32f1xx_hal_flash.dep
f:\stm32_hal_vs_ll_reg\visualgdb\debug\stm32f1xx_hal_flash_ex.dep
f:\stm32_hal_vs_ll_reg\visualgdb\debug\stm32f1xx_hal_gpio.dep
f:\stm32_hal_vs_ll_reg\visualgdb\debug\stm32f1xx_hal_gpio_ex.dep
f:\stm32_hal_vs_ll_reg\visualgdb\debug\stm32f1xx_hal_hcd.dep
f:\stm32_hal_vs_ll_reg\visualgdb\debug\stm32f1xx_hal_i2c.dep
f:\stm32_hal_vs_ll_reg\visualgdb\debug\stm32f1xx_hal_i2s.dep
f:\stm32_hal_vs_ll_reg\visualgdb\debug\stm32f1xx_hal_irda.dep
f:\stm32_hal_vs_ll_reg\visualgdb\debug\stm32f1xx_hal_iwdg.dep
f:\stm32_hal_vs_ll_reg\visualgdb\debug\stm32f1xx_hal_mmc.dep
f:\stm32_hal_vs_ll_reg\visualgdb\debug\stm32f1xx_hal_nand.dep
f:\stm32_hal_vs_ll_reg\visualgdb\debug\stm32f1xx_hal_nor.dep
f:\stm32_hal_vs_ll_reg\visualgdb\debug\stm32f1xx_hal_pccard.dep
f:\stm32_hal_vs_ll_reg\visualgdb\debug\stm32f1xx_hal_pcd.dep
f:\stm32_hal_vs_ll_reg\visualgdb\debug\stm32f1xx_hal_pcd_ex.dep
f:\stm32_hal_vs_ll_reg\visualgdb\debug\stm32f1xx_hal_pwr.dep
f:\stm32_hal_vs_ll_reg\visualgdb\debug\stm32f1xx_hal_rcc.dep
f:\stm32_hal_vs_ll_reg\visualgdb\debug\stm32f1xx_hal_rcc_ex.dep
f:\stm32_hal_vs_ll_reg\visualgdb\debug\stm32f1xx_hal_rtc.dep
f:\stm32_hal_vs_ll_reg\visualgdb\debug\stm32f1xx_hal_rtc_ex.dep
f:\stm32_hal_vs_ll_reg\visualgdb\debug\stm32f1xx_hal_sd.dep
f:\stm32_hal_vs_ll_reg\visualgdb\debug\stm32f1xx_hal_smartcard.dep
f:\stm32_hal_vs_ll_reg\visualgdb\debug\stm32f1xx_hal_spi.dep
f:\stm32_hal_vs_ll_reg\visualgdb\debug\stm32f1xx_hal_sram.dep
f:\stm32_hal_vs_ll_reg\visualgdb\debug\stm32f1xx_hal_tim.dep
f:\stm32_hal_vs_ll_reg\visualgdb\debug\stm32f1xx_hal_tim_ex.dep
f:\stm32_hal_vs_ll_reg\visualgdb\debug\stm32f1xx_hal_uart.dep
f:\stm32_hal_vs_ll_reg\visualgdb\debug\stm32f1xx_hal_usart.dep
f:\stm32_hal_vs_ll_reg\visualgdb\debug\stm32f1xx_hal_wwdg.dep
f:\stm32_hal_vs_ll_reg\visualgdb\debug\stm32f1xx_ll_adc.dep
f:\stm32_hal_vs_ll_reg\visualgdb\debug\stm32f1xx_ll_crc.dep
f:\stm32_hal_vs_ll_reg\visualgdb\debug\stm32f1xx_ll_dac.dep
f:\stm32_hal_vs_ll_reg\visualgdb\debug\stm32f1xx_ll_dma.dep
f:\stm32_hal_vs_ll_reg\visualgdb\debug\stm32f1xx_ll_exti.dep
f:\stm32_hal_vs_ll_reg\visualgdb\debug\stm32f1xx_ll_fsmc.dep
f:\stm32_hal_vs_ll_reg\visualgdb\debug\stm32f1xx_ll_gpio.dep
f:\stm32_hal_vs_ll_reg\visualgdb\debug\stm32f1xx_ll_i2c.dep
f:\stm32_hal_vs_ll_reg\visualgdb\debug\stm32f1xx_ll_pwr.dep
f:\stm32_hal_vs_ll_reg\visualgdb\debug\stm32f1xx_ll_rcc.dep
f:\stm32_hal_vs_ll_reg\visualgdb\debug\stm32f1xx_ll_rtc.dep
f:\stm32_hal_vs_ll_reg\visualgdb\debug\stm32f1xx_ll_sdmmc.dep
f:\stm32_hal_vs_ll_reg\visualgdb\debug\stm32f1xx_ll_spi.dep
f:\stm32_hal_vs_ll_reg\visualgdb\debug\stm32f1xx_ll_tim.dep
f:\stm32_hal_vs_ll_reg\visualgdb\debug\stm32f1xx_ll_usart.dep
f:\stm32_hal_vs_ll_reg\visualgdb\debug\stm32f1xx_ll_usb.dep
f:\stm32_hal_vs_ll_reg\visualgdb\debug\stm32f1xx_ll_utils.dep
f:\stm32_hal_vs_ll_reg\visualgdb\debug\stm32_hal_vs_ll_reg.dep
f:\stm32_hal_vs_ll_reg\visualgdb\debug\system_stm32f1xx.dep
f:\stm32_hal_vs_ll_reg\visualgdb\debug\stm32_hal_vs_ll_reg.link.rsp
f:\stm32_hal_vs_ll_reg\visualgdb\debug\stm32_hal_vs_ll_reg.bin
f:\stm32_hal_vs_ll_reg\visualgdb\debug\stm32_hal_vs_ll_reg.alldeps
f:\stm32_hal_vs_ll_reg\visualgdb\debug\startup_stm32f103xb.gcc.rsp
f:\stm32_hal_vs_ll_reg\visualgdb\debug\stm32f1xx_hal.gcc.rsp
f:\stm32_hal_vs_ll_reg\visualgdb\debug\stm32f1xx_hal_adc.gcc.rsp
f:\stm32_hal_vs_ll_reg\visualgdb\debug\stm32f1xx_hal_adc_ex.gcc.rsp
f:\stm32_hal_vs_ll_reg\visualgdb\debug\stm32f1xx_hal_can.gcc.rsp
f:\stm32_hal_vs_ll_reg\visualgdb\debug\stm32f1xx_hal_cec.gcc.rsp
f:\stm32_hal_vs_ll_reg\visualgdb\debug\stm32f1xx_hal_cortex.gcc.rsp
f:\stm32_hal_vs_ll_reg\visualgdb\debug\stm32f1xx_hal_crc.gcc.rsp
f:\stm32_hal_vs_ll_reg\visualgdb\debug\stm32f1xx_hal_dac.gcc.rsp
f:\stm32_hal_vs_ll_reg\visualgdb\debug\stm32f1xx_hal_dac_ex.gcc.rsp
f:\stm32_hal_vs_ll_reg\visualgdb\debug\stm32f1xx_hal_dma.gcc.rsp
f:\stm32_hal_vs_ll_reg\visualgdb\debug\stm32f1xx_hal_eth.gcc.rsp
f:\stm32_hal_vs_ll_reg\visualgdb\debug\stm32f1xx_hal_exti.gcc.rsp
f:\stm32_hal_vs_ll_reg\visualgdb\debug\stm32f1xx_hal_flash.gcc.rsp
f:\stm32_hal_vs_ll_reg\visualgdb\debug\stm32f1xx_hal_flash_ex.gcc.rsp
f:\stm32_hal_vs_ll_reg\visualgdb\debug\stm32f1xx_hal_gpio.gcc.rsp
f:\stm32_hal_vs_ll_reg\visualgdb\debug\stm32f1xx_hal_gpio_ex.gcc.rsp
f:\stm32_hal_vs_ll_reg\visualgdb\debug\stm32f1xx_hal_hcd.gcc.rsp
f:\stm32_hal_vs_ll_reg\visualgdb\debug\stm32f1xx_hal_i2c.gcc.rsp
f:\stm32_hal_vs_ll_reg\visualgdb\debug\stm32f1xx_hal_i2s.gcc.rsp
f:\stm32_hal_vs_ll_reg\visualgdb\debug\stm32f1xx_hal_irda.gcc.rsp
f:\stm32_hal_vs_ll_reg\visualgdb\debug\stm32f1xx_hal_iwdg.gcc.rsp
f:\stm32_hal_vs_ll_reg\visualgdb\debug\stm32f1xx_hal_mmc.gcc.rsp
f:\stm32_hal_vs_ll_reg\visualgdb\debug\stm32f1xx_hal_nand.gcc.rsp
f:\stm32_hal_vs_ll_reg\visualgdb\debug\stm32f1xx_hal_nor.gcc.rsp
f:\stm32_hal_vs_ll_reg\visualgdb\debug\stm32f1xx_hal_pccard.gcc.rsp
f:\stm32_hal_vs_ll_reg\visualgdb\debug\stm32f1xx_hal_pcd.gcc.rsp
f:\stm32_hal_vs_ll_reg\visualgdb\debug\stm32f1xx_hal_pcd_ex.gcc.rsp
f:\stm32_hal_vs_ll_reg\visualgdb\debug\stm32f1xx_hal_pwr.gcc.rsp
f:\stm32_hal_vs_ll_reg\visualgdb\debug\stm32f1xx_hal_rcc.gcc.rsp
f:\stm32_hal_vs_ll_reg\visualgdb\debug\stm32f1xx_hal_rcc_ex.gcc.rsp
f:\stm32_hal_vs_ll_reg\visualgdb\debug\stm32f1xx_hal_rtc.gcc.rsp
f:\stm32_hal_vs_ll_reg\visualgdb\debug\stm32f1xx_hal_rtc_ex.gcc.rsp
f:\stm32_hal_vs_ll_reg\visualgdb\debug\stm32f1xx_hal_sd.gcc.rsp
f:\stm32_hal_vs_ll_reg\visualgdb\debug\stm32f1xx_hal_smartcard.gcc.rsp
f:\stm32_hal_vs_ll_reg\visualgdb\debug\stm32f1xx_hal_spi.gcc.rsp
f:\stm32_hal_vs_ll_reg\visualgdb\debug\stm32f1xx_hal_sram.gcc.rsp
f:\stm32_hal_vs_ll_reg\visualgdb\debug\stm32f1xx_hal_tim.gcc.rsp
f:\stm32_hal_vs_ll_reg\visualgdb\debug\stm32f1xx_hal_tim_ex.gcc.rsp
f:\stm32_hal_vs_ll_reg\visualgdb\debug\stm32f1xx_hal_uart.gcc.rsp
f:\stm32_hal_vs_ll_reg\visualgdb\debug\stm32f1xx_hal_usart.gcc.rsp
f:\stm32_hal_vs_ll_reg\visualgdb\debug\stm32f1xx_hal_wwdg.gcc.rsp
f:\stm32_hal_vs_ll_reg\visualgdb\debug\stm32f1xx_ll_adc.gcc.rsp
f:\stm32_hal_vs_ll_reg\visualgdb\debug\stm32f1xx_ll_crc.gcc.rsp
f:\stm32_hal_vs_ll_reg\visualgdb\debug\stm32f1xx_ll_dac.gcc.rsp
f:\stm32_hal_vs_ll_reg\visualgdb\debug\stm32f1xx_ll_dma.gcc.rsp
f:\stm32_hal_vs_ll_reg\visualgdb\debug\stm32f1xx_ll_exti.gcc.rsp
f:\stm32_hal_vs_ll_reg\visualgdb\debug\stm32f1xx_ll_fsmc.gcc.rsp
f:\stm32_hal_vs_ll_reg\visualgdb\debug\stm32f1xx_ll_gpio.gcc.rsp
f:\stm32_hal_vs_ll_reg\visualgdb\debug\stm32f1xx_ll_i2c.gcc.rsp
f:\stm32_hal_vs_ll_reg\visualgdb\debug\stm32f1xx_ll_pwr.gcc.rsp
f:\stm32_hal_vs_ll_reg\visualgdb\debug\stm32f1xx_ll_rcc.gcc.rsp
f:\stm32_hal_vs_ll_reg\visualgdb\debug\stm32f1xx_ll_rtc.gcc.rsp
f:\stm32_hal_vs_ll_reg\visualgdb\debug\stm32f1xx_ll_sdmmc.gcc.rsp
f:\stm32_hal_vs_ll_reg\visualgdb\debug\stm32f1xx_ll_spi.gcc.rsp
f:\stm32_hal_vs_ll_reg\visualgdb\debug\stm32f1xx_ll_tim.gcc.rsp
f:\stm32_hal_vs_ll_reg\visualgdb\debug\stm32f1xx_ll_usart.gcc.rsp
f:\stm32_hal_vs_ll_reg\visualgdb\debug\stm32f1xx_ll_usb.gcc.rsp
f:\stm32_hal_vs_ll_reg\visualgdb\debug\stm32f1xx_ll_utils.gcc.rsp
f:\stm32_hal_vs_ll_reg\visualgdb\debug\stm32_hal_vs_ll_reg.gcc.rsp
f:\stm32_hal_vs_ll_reg\visualgdb\debug\stm32_hal_vs_ll_reg.mkbin.rsp
f:\stm32_hal_vs_ll_reg\visualgdb\debug\system_stm32f1xx.gcc.rsp
